<?xml version="1.0" encoding="UTF-8"?>
<!-- Generated by org.testng.reporters.JUnitReportReporter -->
<testsuite skipped="0" hostname="HQSWL-C035947" name="Main" tests="1" failures="0" timestamp="03 Aug 2019 04:18:49 GMT" time="2.077" errors="0">
  <testcase name="test" time="2.077" classname="Main"/>
</testsuite> <!-- Main -->
