<?xml version="1.0" encoding="UTF-8"?>
<!-- Generated by org.testng.reporters.JUnitReportReporter -->
<testsuite skipped="0" hostname="HQSWL-C035947" name="basic5" tests="1" failures="0" timestamp="03 Aug 2019 03:56:50 GMT" time="2.134" errors="0">
  <testcase name="test" time="2.134" classname="basic5"/>
</testsuite> <!-- basic5 -->
