<?xml version="1.0" encoding="UTF-8"?>
<!-- Generated by org.testng.reporters.JUnitReportReporter -->
<testsuite skipped="0" hostname="HQSWL-C035947" name="apiAutomation.excelDriven" tests="4" failures="0" timestamp="04 Aug 2019 18:43:07 GMT" time="2.413" errors="0">
  <testcase name="addBook" time="0.636" classname="apiAutomation.excelDriven"/>
  <testcase name="addBook" time="0.581" classname="apiAutomation.excelDriven"/>
  <testcase name="addBook" time="0.584" classname="apiAutomation.excelDriven"/>
  <testcase name="addBook" time="0.612" classname="apiAutomation.excelDriven"/>
</testsuite> <!-- apiAutomation.excelDriven -->
