<?xml version="1.0" encoding="UTF-8"?>
<!-- Generated by org.testng.reporters.JUnitReportReporter -->
<testsuite skipped="0" hostname="HQSWL-C035947" name="staticJson" tests="1" failures="0" timestamp="04 Aug 2019 14:55:53 GMT" time="2.482" errors="0">
  <testcase name="addBook" time="2.482" classname="staticJson"/>
</testsuite> <!-- staticJson -->
