<?xml version="1.0" encoding="UTF-8"?>
<!-- Generated by org.testng.reporters.JUnitReportReporter -->
<testsuite skipped="0" hostname="HQSWL-C035947" name="apiAutomation.basic6Jira1" tests="2" failures="0" timestamp="04 Aug 2019 18:43:07 GMT" time="2.047" errors="0">
  <testcase name="jiraAPI1" time="0.118" classname="apiAutomation.basic6Jira1"/>
  <testcase name="jiraAPI" time="1.929" classname="apiAutomation.basic6Jira1"/>
</testsuite> <!-- apiAutomation.basic6Jira1 -->
