<?xml version="1.0" encoding="UTF-8"?>
<!-- Generated by org.testng.reporters.JUnitReportReporter -->
<testsuite skipped="0" hostname="HQSWL-C035947" name="apiAutomation.Main" tests="1" failures="0" timestamp="04 Aug 2019 18:43:07 GMT" time="0.407" errors="0">
  <testcase name="test" time="0.407" classname="apiAutomation.Main"/>
</testsuite> <!-- apiAutomation.Main -->
