<?xml version="1.0" encoding="UTF-8"?>
<!-- Generated by org.testng.reporters.JUnitReportReporter -->
<testsuite skipped="0" hostname="HQSWL-C035947" name="basic6Jira1" tests="1" failures="0" timestamp="04 Aug 2019 17:39:20 GMT" time="1.954" errors="0">
  <testcase name="jiraAPI" time="1.954" classname="basic6Jira1"/>
</testsuite> <!-- basic6Jira1 -->
