<?xml version="1.0" encoding="UTF-8"?>
<!-- Generated by org.testng.reporters.JUnitReportReporter -->
<testsuite skipped="0" hostname="HQSWL-C035947" name="excelDriven" tests="4" failures="0" timestamp="04 Aug 2019 15:00:32 GMT" time="4.287" errors="0">
  <testcase name="addBook" time="2.483" classname="excelDriven"/>
  <testcase name="addBook" time="0.604" classname="excelDriven"/>
  <testcase name="addBook" time="0.587" classname="excelDriven"/>
  <testcase name="addBook" time="0.613" classname="excelDriven"/>
</testsuite> <!-- excelDriven -->
