<?xml version="1.0" encoding="UTF-8"?>
<!-- Generated by org.testng.reporters.JUnitReportReporter -->
<testsuite skipped="0" hostname="HQSWL-C035947" name="excelDriven" tests="4" failures="0" timestamp="03 Aug 2019 05:50:57 GMT" time="7.051" errors="0">
  <testcase name="addBook" time="4.837" classname="excelDriven"/>
  <testcase name="addBook" time="0.657" classname="excelDriven"/>
  <testcase name="addBook" time="0.848" classname="excelDriven"/>
  <testcase name="addBook" time="0.709" classname="excelDriven"/>
</testsuite> <!-- excelDriven -->
